<?xml version="1.0" encoding="UTF-8"?>
<!-- Generated by org.testng.reporters.JUnitXMLReporter -->
<testsuite ignored="1" hostname="DESKTOP-QRJIP05" failures="0" tests="1" name="Default test" time="84.521" errors="0" timestamp="2025-08-29T10:59:52 IST">
  <testcase classname="ocrText_runner_Execution.OCR_Text_Execution" name="Ocr_Text_Extraction_With_Api" time="83.517"/>
  <testcase classname="ocrText_runner_Execution.OCR_Text_Execution" name="Ocr_Text_Extraction_Without_Api" time="0.0">
    <ignored/>
  </testcase> <!-- Ocr_Text_Extraction_Without_Api -->
</testsuite> <!-- Default test -->
